<?xml version="1.0" encoding="UTF-8" ?>
<testsuites>
  <testsuite errors="0" failures="0" hostname="david.local" id="0" name="WaveRobotBaseControllerTests" package="" tests="3" time="0.51" timestamp="2010-01-15T01:21:39">
      <properties />

      <testcase classname="WaveRobotBaseControllerTests" name="testCapabilitiesXMLwithoutActiveRobot" time="0.0060" />

      <testcase classname="WaveRobotBaseControllerTests" name="testCapabilitiesXMLResult" time="0.105" />

      <testcase classname="WaveRobotBaseControllerTests" name="testRobotProfile" time="0.025" />

      <system-out><![CDATA[--Output from testCapabilitiesXMLwithoutActiveRobot--
--Output from testCapabilitiesXMLResult--
tem:<?xmlversion="1.0"?><w:robotxmlns:w='http://wave.google.com/extensions/robots/1.0'><w:capabilities><w:capabilityname='BLIP_SUBMITTED'/></w:capabilities><w:profilename='RobbieroBot'imageurl='http://image.url'profileurl='http://test.profile'/><w:version>1.0</w:version></w:robot>
res:<?xmlversion="1.0"?><w:robotxmlns:w='http://wave.google.com/extensions/robots/1.0'><w:capabilities><w:capabilityname='BLIP_SUBMITTED'/></w:capabilities><w:profilename='RobbieroBot'imageurl='http://image.url'profileurl='http://test.profile'/><w:version>1.0</w:version></w:robot>
--Output from testRobotProfile--
profile response: {"profileUrl":"http://test.profile","imageUrl":"http://image.url","name":"Robbie ro Bot"}
]]></system-out>

      <system-err><![CDATA[--Output from testCapabilitiesXMLwithoutActiveRobot--
--Output from testCapabilitiesXMLResult--
--Output from testRobotProfile--
]]></system-err>

  </testsuite>
  <testsuite errors="0" failures="0" hostname="david.local" id="1" name="WaveServiceTests" package="" tests="5" time="0.041" timestamp="2010-01-15T01:21:39">
      <properties />

      <testcase classname="WaveServiceTests" name="testRobotRetrievalByType" time="0.0020" />

      <testcase classname="WaveServiceTests" name="testRobotWithoutRobotImpl" time="0.0010" />

      <testcase classname="WaveServiceTests" name="testSimpleRobotRetrieval" time="0.0020" />

      <testcase classname="WaveServiceTests" name="testRobotRetrievalWithCustomBean" time="0.0060" />

      <testcase classname="WaveServiceTests" name="testRobotRetrievalWithConfiguredBean" time="0.0010" />

      <system-out><![CDATA[--Output from testRobotRetrievalByType--
--Output from testRobotWithoutRobotImpl--
--Output from testSimpleRobotRetrieval--
--Output from testRobotRetrievalWithCustomBean--
loaded robot TestRobotImplService@14eda77--Output from testRobotRetrievalWithConfiguredBean--
]]></system-out>

      <system-err><![CDATA[--Output from testRobotRetrievalByType--
--Output from testRobotWithoutRobotImpl--
--Output from testSimpleRobotRetrieval--
--Output from testRobotRetrievalWithCustomBean--
--Output from testRobotRetrievalWithConfiguredBean--
]]></system-err>

  </testsuite>
  <testsuite errors="0" failures="0" hostname="david.local" id="2" name="WaveUrlMappingTests" package="" tests="1" time="0.171" timestamp="2010-01-15T01:21:39">
      <properties />

      <testcase classname="WaveUrlMappingTests" name="testRobotUrlMappings" time="0.162" />

      <system-out><![CDATA[--Output from testRobotUrlMappings--
]]></system-out>

      <system-err><![CDATA[--Output from testRobotUrlMappings--
]]></system-err>

  </testsuite>
  <testsuite errors="0" failures="0" hostname="david.local" id="3" name="TestRobotImplServiceTests" package="" tests="1" time="0.568" timestamp="2010-01-15T01:21:22">
      <properties />

      <testcase classname="TestRobotImplServiceTests" name="testRobotImpl" time="0.56" />

      <system-out><![CDATA[--Output from testRobotImpl--
INFO (TestRobotImplService): ROBOT Robbie ro Bot (v1.0): PROCESS EVENTS
INFO (TestRobotImplService): eventsBundle - null
]]></system-out>

      <system-err><![CDATA[--Output from testRobotImpl--
]]></system-err>

  </testsuite>
  <testsuite errors="0" failures="0" hostname="david.local" id="4" name="WaveEmbedTagLibTests" package="" tests="5" time="0.807" timestamp="2010-01-15T01:21:23">
      <properties />

      <testcase classname="WaveEmbedTagLibTests" name="testWaveHead" time="0.57" />

      <testcase classname="WaveEmbedTagLibTests" name="testWaveEmbedInvalid" time="0.032" />

      <testcase classname="WaveEmbedTagLibTests" name="testWaveEmbedGeneral" time="0.098" />

      <testcase classname="WaveEmbedTagLibTests" name="testWaveEmbedByURL" time="0.083" />

      <testcase classname="WaveEmbedTagLibTests" name="testWaveEmbedWithCustomFrame" time="0.017" />

      <system-out><![CDATA[--Output from testWaveHead--
scriptLine:
scriptLine:
				function loadWave(waveId, frameId, bgcolor, color, font, fontsize) {
	    			var wavePanel = new WavePanel("[:]");
					wavePanel.loadWave(waveId);
					wavePanel.setUIConfig(bgcolor, color, font, fontsize);
	    			wavePanel.init(document.getElementById(frameId));
	    		}
			
scriptLine:
scriptLine:
				function loadWave(waveId, frameId, bgcolor, color, font, fontsize) {
	    			var wavePanel = new WavePanel("https://wave.google.com/a/wavesandbox.com/");
					wavePanel.loadWave(waveId);
					wavePanel.setUIConfig(bgcolor, color, font, fontsize);
	    			wavePanel.init(document.getElementById(frameId));
	    		}
			
--Output from testWaveEmbedInvalid--
ERROR (WaveEmbedTagLib): missing wave id while embedding wave
--Output from testWaveEmbedGeneral--
--Output from testWaveEmbedByURL--
html:loadWave("googlewave.com!w+h4UDikrUI", "wavebox_1348633241", "null", "null", "null", "null");
matcher size: 1
--Output from testWaveEmbedWithCustomFrame--
]]></system-out>

      <system-err><![CDATA[--Output from testWaveHead--
--Output from testWaveEmbedInvalid--
--Output from testWaveEmbedGeneral--
--Output from testWaveEmbedByURL--
--Output from testWaveEmbedWithCustomFrame--
]]></system-err>

  </testsuite>
  <testsuite errors="0" failures="0" hostname="david.local" id="5" name="WaveRobotFiltersTests" package="" tests="1" time="0.024" timestamp="2010-01-15T01:21:24">
      <properties />

      <testcase classname="WaveRobotFiltersTests" name="testSomething" time="0.024" />

      <system-out><![CDATA[--Output from testSomething--
]]></system-out>

      <system-err><![CDATA[--Output from testSomething--
]]></system-err>

  </testsuite>
  <testsuite errors="0" failures="0" hostname="david.local" id="6" name="WaveUtilsTests" package="" tests="1" time="0.02" timestamp="2010-01-15T01:21:25">
      <properties />

      <testcase classname="WaveUtilsTests" name="testExtractWaveIdFromURL" time="0.02" />

      <system-out><![CDATA[--Output from testExtractWaveIdFromURL--
]]></system-out>

      <system-err><![CDATA[--Output from testExtractWaveIdFromURL--
]]></system-err>

  </testsuite>
</testsuites>
